GROUP,PACKAGE,CLASS,INSTRUCTION_MISSED,INSTRUCTION_COVERED,BRANCH_MISSED,BRANCH_COVERED,LINE_MISSED,LINE_COVERED,COMPLEXITY_MISSED,COMPLEXITY_COVERED,METHOD_MISSED,METHOD_COVERED
Santorini,edu.cs214.hw3,Player,9,0,0,0,4,0,2,0,2,0
Santorini,edu.cs214.hw3,GameSantoriniComponent,467,0,54,0,71,0,41,0,14,0
Santorini,edu.cs214.hw3,GameWithPan,56,0,4,0,11,0,5,0,3,0
Santorini,edu.cs214.hw3,GameWithDemeter,47,0,8,0,7,0,7,0,3,0
Santorini,edu.cs214.hw3,GameSantoriniDecorator,113,0,2,0,28,0,12,0,11,0
Santorini,edu.cs214.hw3,GameWithMinotaur,199,0,24,0,38,0,20,0,8,0
Santorini,edu.cs214.hw3,GameWithAthena,26,0,4,0,4,0,4,0,2,0
Santorini,edu.cs214.hw3,Board,166,0,20,0,33,0,17,0,7,0
Santorini,edu.cs214.hw3,GameState,3,0,0,0,1,0,1,0,1,0
Santorini,edu.cs214.hw3,App,16,0,0,0,6,0,3,0,3,0
