<?xml version="1.0" encoding="UTF-8" ?>
<testsuite tests="7" failures="0" name="edu.cmu.cs214.hw1.Achievements.AchievementsTest" time="0.037" errors="0" skipped="0">
  <properties>
[...]
</properties>
  <testcase classname="edu.cmu.cs214.hw1.Achievements.AchievementsTest" name="testAllCorrect1" time="0.027"/>
  <testcase classname="edu.cmu.cs214.hw1.Achievements.AchievementsTest" name="testAllCorrect2" time="0"/>
  <testcase classname="edu.cmu.cs214.hw1.Achievements.AchievementsTest" name="testThreeConsecutiveCorrect1" time="0"/>
  <testcase classname="edu.cmu.cs214.hw1.Achievements.AchievementsTest" name="testThreeConsecutiveCorrect2" time="0"/>
  <testcase classname="edu.cmu.cs214.hw1.Achievements.AchievementsTest" name="testThreeConsecutiveCorrect3" time="0.001"/>
  <testcase classname="edu.cmu.cs214.hw1.Achievements.AchievementsTest" name="testFiveTimes1" time="0.008"/>
  <testcase classname="edu.cmu.cs214.hw1.Achievements.AchievementsTest" name="testFiveTimes2" time="0.001"/>
</testsuite>