<?xml version="1.0" encoding="UTF-8"?>
<testsuite xmlns:xsi="http://www.w3.org/2001/XMLSchema-instance" xsi:noNamespaceSchemaLocation="https://maven.apache.org/surefire/maven-surefire-plugin/xsd/surefire-test-report.xsd" name="deadlinefighters.analyticsframework.framework.core.FrameworkImplTest" time="1.702" tests="13" errors="0" skipped="0" failures="0">
  <properties>
[...]
</properties>
  <testcase name="testOpenConnectionIOExceptionDuringClose" classname="deadlinefighters.analyticsframework.framework.core.FrameworkImplTest" time="1.58"/>
  <testcase name="testAggregateByTimeAllFields" classname="deadlinefighters.analyticsframework.framework.core.FrameworkImplTest" time="0"/>
  <testcase name="testAggregateByTimeSomeFields" classname="deadlinefighters.analyticsframework.framework.core.FrameworkImplTest" time="0.002"/>
  <testcase name="testImportDataWithErrorMessage" classname="deadlinefighters.analyticsframework.framework.core.FrameworkImplTest" time="0.004"/>
  <testcase name="testOpenConnectionIOException" classname="deadlinefighters.analyticsframework.framework.core.FrameworkImplTest" time="0.007"/>
  <testcase name="testGroupByDateWeekly" classname="deadlinefighters.analyticsframework.framework.core.FrameworkImplTest" time="0.006"/>
  <testcase name="testGroupByDateYearly" classname="deadlinefighters.analyticsframework.framework.core.FrameworkImplTest" time="0.002"/>
  <testcase name="testRegisterDataPlugin" classname="deadlinefighters.analyticsframework.framework.core.FrameworkImplTest" time="0.004"/>
  <testcase name="testImportDataException" classname="deadlinefighters.analyticsframework.framework.core.FrameworkImplTest" time="0.003"/>
  <testcase name="testCloseConnectionIllegalArgumentException" classname="deadlinefighters.analyticsframework.framework.core.FrameworkImplTest" time="0.004"/>
  <testcase name="testImportData" classname="deadlinefighters.analyticsframework.framework.core.FrameworkImplTest" time="0.007"/>
  <testcase name="testGroupByDateMonthly" classname="deadlinefighters.analyticsframework.framework.core.FrameworkImplTest" time="0.003"/>
  <testcase name="testGroupByDateQuarterly" classname="deadlinefighters.analyticsframework.framework.core.FrameworkImplTest" time="0.001"/>
</testsuite>